  Camera.cpp
D:\LocalWorkDir\2003209\WFFC-Edit\WOFFCEdit\InputCommands.h(3,8): warning C4099: 'InputCommands': type name first seen using 'class' now seen using 'struct'
  (compiling source file 'Camera.cpp')
  D:\LocalWorkDir\2003209\WFFC-Edit\WOFFCEdit\InputCommands.h(3,8):
  see declaration of 'InputCommands'
  
D:\LocalWorkDir\2003209\WFFC-Edit\WOFFCEdit\Camera.cpp(10,16): warning C4305: '=': truncation from 'double' to 'float'
D:\LocalWorkDir\2003209\WFFC-Edit\WOFFCEdit\Camera.cpp(81,35): warning C4244: 'argument': conversion from 'double' to 'float', possible loss of data
D:\LocalWorkDir\2003209\WFFC-Edit\WOFFCEdit\Camera.cpp(82,35): warning C4244: 'argument': conversion from 'double' to 'float', possible loss of data
D:\LocalWorkDir\2003209\WFFC-Edit\WOFFCEdit\Camera.cpp(83,35): warning C4244: 'argument': conversion from 'double' to 'float', possible loss of data
D:\LocalWorkDir\2003209\WFFC-Edit\WOFFCEdit\Camera.cpp(85,35): warning C4244: 'argument': conversion from 'double' to 'float', possible loss of data
D:\LocalWorkDir\2003209\WFFC-Edit\WOFFCEdit\Camera.cpp(86,35): warning C4244: 'argument': conversion from 'double' to 'float', possible loss of data
D:\LocalWorkDir\2003209\WFFC-Edit\WOFFCEdit\Camera.cpp(87,35): warning C4244: 'argument': conversion from 'double' to 'float', possible loss of data
D:\LocalWorkDir\2003209\WFFC-Edit\WOFFCEdit\Camera.cpp(122,15): warning C4244: 'initializing': conversion from 'double' to 'float', possible loss of data
D:\LocalWorkDir\2003209\WFFC-Edit\WOFFCEdit\Camera.cpp(123,15): warning C4244: 'initializing': conversion from 'double' to 'float', possible loss of data
D:\LocalWorkDir\2003209\WFFC-Edit\WOFFCEdit\Camera.cpp(124,15): warning C4244: 'initializing': conversion from 'double' to 'float', possible loss of data
D:\LocalWorkDir\2003209\WFFC-Edit\WOFFCEdit\Camera.cpp(170,36): warning C4244: 'argument': conversion from 'double' to 'float', possible loss of data
D:\LocalWorkDir\2003209\WFFC-Edit\WOFFCEdit\Camera.cpp(171,36): warning C4244: 'argument': conversion from 'double' to 'float', possible loss of data
D:\LocalWorkDir\2003209\WFFC-Edit\WOFFCEdit\Camera.cpp(172,36): warning C4244: 'argument': conversion from 'double' to 'float', possible loss of data
D:\LocalWorkDir\2003209\WFFC-Edit\WOFFCEdit\Camera.cpp(174,36): warning C4244: 'argument': conversion from 'double' to 'float', possible loss of data
D:\LocalWorkDir\2003209\WFFC-Edit\WOFFCEdit\Camera.cpp(175,36): warning C4244: 'argument': conversion from 'double' to 'float', possible loss of data
D:\LocalWorkDir\2003209\WFFC-Edit\WOFFCEdit\Camera.cpp(176,36): warning C4244: 'argument': conversion from 'double' to 'float', possible loss of data
D:\LocalWorkDir\2003209\WFFC-Edit\WOFFCEdit\Camera.cpp(197,16): warning C4244: 'initializing': conversion from 'double' to 'float', possible loss of data
D:\LocalWorkDir\2003209\WFFC-Edit\WOFFCEdit\Camera.cpp(198,16): warning C4244: 'initializing': conversion from 'double' to 'float', possible loss of data
D:\LocalWorkDir\2003209\WFFC-Edit\WOFFCEdit\Camera.cpp(199,16): warning C4244: 'initializing': conversion from 'double' to 'float', possible loss of data
D:\LocalWorkDir\2003209\WFFC-Edit\WOFFCEdit\Camera.cpp(241,23): warning C4305: '+=': truncation from 'double' to 'float'
D:\LocalWorkDir\2003209\WFFC-Edit\WOFFCEdit\Camera.cpp(243,23): warning C4305: '-=': truncation from 'double' to 'float'
  Game.cpp
D:\LocalWorkDir\2003209\WFFC-Edit\WOFFCEdit\Camera.h(7,7): warning C4099: 'InputCommands': type name first seen using 'struct' now seen using 'class'
  (compiling source file 'Game.cpp')
  D:\LocalWorkDir\2003209\WFFC-Edit\WOFFCEdit\InputCommands.h(3,8):
  see declaration of 'InputCommands'
  
D:\LocalWorkDir\2003209\WFFC-Edit\WOFFCEdit\Game.cpp(222,46): warning C4244: 'argument': conversion from 'double' to 'float', possible loss of data
D:\LocalWorkDir\2003209\WFFC-Edit\WOFFCEdit\Game.cpp(221,46): warning C4244: 'argument': conversion from 'double' to 'float', possible loss of data
D:\LocalWorkDir\2003209\WFFC-Edit\WOFFCEdit\Game.cpp(220,98): warning C4244: 'argument': conversion from 'double' to 'float', possible loss of data
D:\LocalWorkDir\2003209\WFFC-Edit\WOFFCEdit\Game.cpp(206,10): warning C4101: 'Buffer': unreferenced local variable
D:\LocalWorkDir\2003209\WFFC-Edit\WOFFCEdit\Game.cpp(459,20): warning C4018: '<': signed/unsigned mismatch
D:\LocalWorkDir\2003209\WFFC-Edit\WOFFCEdit\Game.cpp(468,46): warning C4244: 'argument': conversion from 'double' to 'float', possible loss of data
D:\LocalWorkDir\2003209\WFFC-Edit\WOFFCEdit\Game.cpp(467,46): warning C4244: 'argument': conversion from 'double' to 'float', possible loss of data
D:\LocalWorkDir\2003209\WFFC-Edit\WOFFCEdit\Game.cpp(466,98): warning C4244: 'argument': conversion from 'double' to 'float', possible loss of data
D:\LocalWorkDir\2003209\WFFC-Edit\WOFFCEdit\Game.cpp(476,112): warning C4244: 'argument': conversion from 'LONG' to 'float', possible loss of data
D:\LocalWorkDir\2003209\WFFC-Edit\WOFFCEdit\Game.cpp(476,86): warning C4244: 'argument': conversion from 'LONG' to 'float', possible loss of data
D:\LocalWorkDir\2003209\WFFC-Edit\WOFFCEdit\Game.cpp(477,110): warning C4244: 'argument': conversion from 'LONG' to 'float', possible loss of data
D:\LocalWorkDir\2003209\WFFC-Edit\WOFFCEdit\Game.cpp(477,84): warning C4244: 'argument': conversion from 'LONG' to 'float', possible loss of data
D:\LocalWorkDir\2003209\WFFC-Edit\WOFFCEdit\Game.cpp(486,22): warning C4018: '<': signed/unsigned mismatch
D:\LocalWorkDir\2003209\WFFC-Edit\WOFFCEdit\Game.cpp(509,29): warning C4018: '<': signed/unsigned mismatch
D:\LocalWorkDir\2003209\WFFC-Edit\WOFFCEdit\Game.cpp(526,17): warning C4244: '=': conversion from 'double' to 'float', possible loss of data
  Generating Code...
DisplayChunk.obj : warning LNK4204: '' is missing debugging information for referencing module; linking object as if no debug info
  Win32SimpleSample.vcxproj -> D:\LocalWorkDir\2003209\WFFC-Edit\WOFFCEdit\Debug\WoFEdit.exe
