d:\localworkdir\2003209\wffc-edit\woffcedit\wofedit\debug\camera.obj
d:\localworkdir\2003209\wffc-edit\woffcedit\wofedit\debug\chunkobject.obj
d:\localworkdir\2003209\wffc-edit\woffcedit\wofedit\debug\deviceresources.obj
d:\localworkdir\2003209\wffc-edit\woffcedit\wofedit\debug\displaychunk.obj
d:\localworkdir\2003209\wffc-edit\woffcedit\wofedit\debug\displayobject.obj
d:\localworkdir\2003209\wffc-edit\woffcedit\wofedit\debug\game.obj
d:\localworkdir\2003209\wffc-edit\woffcedit\wofedit\debug\main.obj
d:\localworkdir\2003209\wffc-edit\woffcedit\wofedit\debug\mfcframe.obj
d:\localworkdir\2003209\wffc-edit\woffcedit\wofedit\debug\mfcmain.obj
d:\localworkdir\2003209\wffc-edit\woffcedit\wofedit\debug\mfcrenderframe.obj
d:\localworkdir\2003209\wffc-edit\woffcedit\wofedit\debug\pch.obj
d:\localworkdir\2003209\wffc-edit\woffcedit\wofedit\debug\sceneobject.obj
d:\localworkdir\2003209\wffc-edit\woffcedit\wofedit\debug\selectdialogue.obj
d:\localworkdir\2003209\wffc-edit\woffcedit\wofedit\debug\sqlite3.obj
d:\localworkdir\2003209\wffc-edit\woffcedit\wofedit\debug\toolmain.obj
d:\localworkdir\2003209\wffc-edit\woffcedit\wofedit\debug\vc143.idb
d:\localworkdir\2003209\wffc-edit\woffcedit\wofedit\debug\vc143.pdb
d:\localworkdir\2003209\wffc-edit\woffcedit\debug\wofedit.pdb
d:\localworkdir\2003209\wffc-edit\woffcedit\debug\wofedit.exe
d:\localworkdir\2003209\wffc-edit\woffcedit\debug\wofedit.ilk
