  Camera.cpp
C:\Users\SDI\Documents\Repo\WFFC-Edit\WOFFCEdit\InputCommands.h(3,8): warning C4099: 'InputCommands': type name first seen using 'class' now seen using 'struct'
  (compiling source file 'Camera.cpp')
  C:\Users\SDI\Documents\Repo\WFFC-Edit\WOFFCEdit\InputCommands.h(3,8):
  see declaration of 'InputCommands'
  
C:\Users\SDI\Documents\Repo\WFFC-Edit\WOFFCEdit\Camera.cpp(10,16): warning C4305: '=': truncation from 'double' to 'float'
C:\Users\SDI\Documents\Repo\WFFC-Edit\WOFFCEdit\Camera.cpp(82,35): warning C4244: 'argument': conversion from 'double' to 'float', possible loss of data
C:\Users\SDI\Documents\Repo\WFFC-Edit\WOFFCEdit\Camera.cpp(83,35): warning C4244: 'argument': conversion from 'double' to 'float', possible loss of data
C:\Users\SDI\Documents\Repo\WFFC-Edit\WOFFCEdit\Camera.cpp(84,35): warning C4244: 'argument': conversion from 'double' to 'float', possible loss of data
C:\Users\SDI\Documents\Repo\WFFC-Edit\WOFFCEdit\Camera.cpp(86,35): warning C4244: 'argument': conversion from 'double' to 'float', possible loss of data
C:\Users\SDI\Documents\Repo\WFFC-Edit\WOFFCEdit\Camera.cpp(87,35): warning C4244: 'argument': conversion from 'double' to 'float', possible loss of data
C:\Users\SDI\Documents\Repo\WFFC-Edit\WOFFCEdit\Camera.cpp(88,35): warning C4244: 'argument': conversion from 'double' to 'float', possible loss of data
C:\Users\SDI\Documents\Repo\WFFC-Edit\WOFFCEdit\Camera.cpp(123,15): warning C4244: 'initializing': conversion from 'double' to 'float', possible loss of data
C:\Users\SDI\Documents\Repo\WFFC-Edit\WOFFCEdit\Camera.cpp(124,15): warning C4244: 'initializing': conversion from 'double' to 'float', possible loss of data
C:\Users\SDI\Documents\Repo\WFFC-Edit\WOFFCEdit\Camera.cpp(125,15): warning C4244: 'initializing': conversion from 'double' to 'float', possible loss of data
C:\Users\SDI\Documents\Repo\WFFC-Edit\WOFFCEdit\Camera.cpp(171,36): warning C4244: 'argument': conversion from 'double' to 'float', possible loss of data
C:\Users\SDI\Documents\Repo\WFFC-Edit\WOFFCEdit\Camera.cpp(172,36): warning C4244: 'argument': conversion from 'double' to 'float', possible loss of data
C:\Users\SDI\Documents\Repo\WFFC-Edit\WOFFCEdit\Camera.cpp(173,36): warning C4244: 'argument': conversion from 'double' to 'float', possible loss of data
C:\Users\SDI\Documents\Repo\WFFC-Edit\WOFFCEdit\Camera.cpp(175,36): warning C4244: 'argument': conversion from 'double' to 'float', possible loss of data
C:\Users\SDI\Documents\Repo\WFFC-Edit\WOFFCEdit\Camera.cpp(176,36): warning C4244: 'argument': conversion from 'double' to 'float', possible loss of data
C:\Users\SDI\Documents\Repo\WFFC-Edit\WOFFCEdit\Camera.cpp(177,36): warning C4244: 'argument': conversion from 'double' to 'float', possible loss of data
C:\Users\SDI\Documents\Repo\WFFC-Edit\WOFFCEdit\Camera.cpp(198,16): warning C4244: 'initializing': conversion from 'double' to 'float', possible loss of data
C:\Users\SDI\Documents\Repo\WFFC-Edit\WOFFCEdit\Camera.cpp(199,16): warning C4244: 'initializing': conversion from 'double' to 'float', possible loss of data
C:\Users\SDI\Documents\Repo\WFFC-Edit\WOFFCEdit\Camera.cpp(200,16): warning C4244: 'initializing': conversion from 'double' to 'float', possible loss of data
C:\Users\SDI\Documents\Repo\WFFC-Edit\WOFFCEdit\Camera.cpp(242,23): warning C4305: '+=': truncation from 'double' to 'float'
C:\Users\SDI\Documents\Repo\WFFC-Edit\WOFFCEdit\Camera.cpp(244,23): warning C4305: '-=': truncation from 'double' to 'float'
  ChunkObject.cpp
  DeviceResources.cpp
  DisplayChunk.cpp
C:\Users\SDI\Documents\Repo\WFFC-Edit\WOFFCEdit\DisplayChunk.cpp(14,27): warning C4305: '=': truncation from 'double' to 'float'
C:\Users\SDI\Documents\Repo\WFFC-Edit\WOFFCEdit\DisplayChunk.cpp(15,49): warning C4244: '=': conversion from 'int' to 'float', possible loss of data
C:\Users\SDI\Documents\Repo\WFFC-Edit\WOFFCEdit\DisplayChunk.cpp(74,185): warning C4244: 'argument': conversion from 'double' to 'float', possible loss of data
C:\Users\SDI\Documents\Repo\WFFC-Edit\WOFFCEdit\DisplayChunk.cpp(74,81): warning C4244: 'argument': conversion from 'double' to 'float', possible loss of data
C:\Users\SDI\Documents\Repo\WFFC-Edit\WOFFCEdit\DisplayChunk.cpp(94,10): error C4996: 'fopen': This function or variable may be unsafe. Consider using fopen_s instead. To disable deprecation, use _CRT_SECURE_NO_WARNINGS. See online help for details.
C:\Users\SDI\Documents\Repo\WFFC-Edit\WOFFCEdit\DisplayChunk.cpp(152,10): error C4996: 'fopen': This function or variable may be unsafe. Consider using fopen_s instead. To disable deprecation, use _CRT_SECURE_NO_WARNINGS. See online help for details.
C:\Users\SDI\Documents\Repo\WFFC-Edit\WOFFCEdit\DisplayChunk.cpp(189,30): warning C4101: 'index4': unreferenced local variable
C:\Users\SDI\Documents\Repo\WFFC-Edit\WOFFCEdit\DisplayChunk.cpp(189,14): warning C4101: 'index2': unreferenced local variable
C:\Users\SDI\Documents\Repo\WFFC-Edit\WOFFCEdit\DisplayChunk.cpp(189,22): warning C4101: 'index3': unreferenced local variable
C:\Users\SDI\Documents\Repo\WFFC-Edit\WOFFCEdit\DisplayChunk.cpp(189,6): warning C4101: 'index1': unreferenced local variable
  DisplayObject.cpp
  Game.cpp
C:\Users\SDI\Documents\Repo\WFFC-Edit\WOFFCEdit\Camera.h(7,7): warning C4099: 'InputCommands': type name first seen using 'struct' now seen using 'class'
  (compiling source file 'Game.cpp')
  C:\Users\SDI\Documents\Repo\WFFC-Edit\WOFFCEdit\InputCommands.h(3,8):
  see declaration of 'InputCommands'
  
C:\Users\SDI\Documents\Repo\WFFC-Edit\WOFFCEdit\ObjectEditor.h(9,7): warning C4099: 'InputCommands': type name first seen using 'struct' now seen using 'class'
  (compiling source file 'Game.cpp')
  C:\Users\SDI\Documents\Repo\WFFC-Edit\WOFFCEdit\InputCommands.h(3,8):
  see declaration of 'InputCommands'
  
C:\Users\SDI\Documents\Repo\WFFC-Edit\WOFFCEdit\Game.cpp(143,20): warning C4018: '<': signed/unsigned mismatch
C:\Users\SDI\Documents\Repo\WFFC-Edit\WOFFCEdit\Game.cpp(240,46): warning C4244: 'argument': conversion from 'double' to 'float', possible loss of data
C:\Users\SDI\Documents\Repo\WFFC-Edit\WOFFCEdit\Game.cpp(239,46): warning C4244: 'argument': conversion from 'double' to 'float', possible loss of data
C:\Users\SDI\Documents\Repo\WFFC-Edit\WOFFCEdit\Game.cpp(238,98): warning C4244: 'argument': conversion from 'double' to 'float', possible loss of data
C:\Users\SDI\Documents\Repo\WFFC-Edit\WOFFCEdit\Game.cpp(224,10): warning C4101: 'Buffer': unreferenced local variable
C:\Users\SDI\Documents\Repo\WFFC-Edit\WOFFCEdit\Game.cpp(509,110): warning C4244: 'argument': conversion from 'LONG' to 'float', possible loss of data
C:\Users\SDI\Documents\Repo\WFFC-Edit\WOFFCEdit\Game.cpp(509,84): warning C4244: 'argument': conversion from 'LONG' to 'float', possible loss of data
C:\Users\SDI\Documents\Repo\WFFC-Edit\WOFFCEdit\Game.cpp(510,108): warning C4244: 'argument': conversion from 'LONG' to 'float', possible loss of data
C:\Users\SDI\Documents\Repo\WFFC-Edit\WOFFCEdit\Game.cpp(510,82): warning C4244: 'argument': conversion from 'LONG' to 'float', possible loss of data
C:\Users\SDI\Documents\Repo\WFFC-Edit\WOFFCEdit\Game.cpp(578,20): warning C4018: '<': signed/unsigned mismatch
C:\Users\SDI\Documents\Repo\WFFC-Edit\WOFFCEdit\Game.cpp(587,46): warning C4244: 'argument': conversion from 'double' to 'float', possible loss of data
C:\Users\SDI\Documents\Repo\WFFC-Edit\WOFFCEdit\Game.cpp(586,46): warning C4244: 'argument': conversion from 'double' to 'float', possible loss of data
C:\Users\SDI\Documents\Repo\WFFC-Edit\WOFFCEdit\Game.cpp(585,98): warning C4244: 'argument': conversion from 'double' to 'float', possible loss of data
C:\Users\SDI\Documents\Repo\WFFC-Edit\WOFFCEdit\Game.cpp(595,112): warning C4244: 'argument': conversion from 'LONG' to 'float', possible loss of data
C:\Users\SDI\Documents\Repo\WFFC-Edit\WOFFCEdit\Game.cpp(595,86): warning C4244: 'argument': conversion from 'LONG' to 'float', possible loss of data
C:\Users\SDI\Documents\Repo\WFFC-Edit\WOFFCEdit\Game.cpp(596,110): warning C4244: 'argument': conversion from 'LONG' to 'float', possible loss of data
C:\Users\SDI\Documents\Repo\WFFC-Edit\WOFFCEdit\Game.cpp(596,84): warning C4244: 'argument': conversion from 'LONG' to 'float', possible loss of data
C:\Users\SDI\Documents\Repo\WFFC-Edit\WOFFCEdit\Game.cpp(605,22): warning C4018: '<': signed/unsigned mismatch
C:\Users\SDI\Documents\Repo\WFFC-Edit\WOFFCEdit\Game.cpp(631,28): warning C4018: '<': signed/unsigned mismatch
C:\Users\SDI\Documents\Repo\WFFC-Edit\WOFFCEdit\Game.cpp(641,20): warning C4018: '<': signed/unsigned mismatch
C:\Users\SDI\Documents\Repo\WFFC-Edit\WOFFCEdit\Game.cpp(693,17): warning C4244: '=': conversion from 'double' to 'float', possible loss of data
  Main.cpp
  _WIN32_WINNT not defined. Defaulting to _WIN32_WINNT_MAXVER (see WinSDKVer.h)
  MFCFrame.cpp
  _WIN32_WINNT not defined. Defaulting to _WIN32_WINNT_MAXVER (see WinSDKVer.h)
  MFCRenderFrame.cpp
  _WIN32_WINNT not defined. Defaulting to _WIN32_WINNT_MAXVER (see WinSDKVer.h)
  ObjectEditor.cpp
C:\Users\SDI\Documents\Repo\WFFC-Edit\WOFFCEdit\InputCommands.h(3,8): warning C4099: 'InputCommands': type name first seen using 'class' now seen using 'struct'
  (compiling source file 'ObjectEditor.cpp')
  C:\Users\SDI\Documents\Repo\WFFC-Edit\WOFFCEdit\InputCommands.h(3,8):
  see declaration of 'InputCommands'
  
C:\Users\SDI\Documents\Repo\WFFC-Edit\WOFFCEdit\ObjectEditor.cpp(45,21): warning C4018: '<': signed/unsigned mismatch
C:\Users\SDI\Documents\Repo\WFFC-Edit\WOFFCEdit\ObjectEditor.cpp(111,28): warning C4018: '<': signed/unsigned mismatch
C:\Users\SDI\Documents\Repo\WFFC-Edit\WOFFCEdit\ObjectEditor.cpp(142,22): warning C4018: '<': signed/unsigned mismatch
  pch.cpp
  MFCMain.cpp
  _WIN32_WINNT not defined. Defaulting to _WIN32_WINNT_MAXVER (see WinSDKVer.h)
  SceneObject.cpp
  SelectDialogue.cpp
  _WIN32_WINNT not defined. Defaulting to _WIN32_WINNT_MAXVER (see WinSDKVer.h)
  ToolMain.cpp
  _WIN32_WINNT not defined. Defaulting to _WIN32_WINNT_MAXVER (see WinSDKVer.h)
C:\Users\SDI\Documents\Repo\WFFC-Edit\WOFFCEdit\ToolMain.cpp(93,46): warning C4244: '=': conversion from 'double' to 'float', possible loss of data
C:\Users\SDI\Documents\Repo\WFFC-Edit\WOFFCEdit\ToolMain.cpp(94,46): warning C4244: '=': conversion from 'double' to 'float', possible loss of data
C:\Users\SDI\Documents\Repo\WFFC-Edit\WOFFCEdit\ToolMain.cpp(95,46): warning C4244: '=': conversion from 'double' to 'float', possible loss of data
C:\Users\SDI\Documents\Repo\WFFC-Edit\WOFFCEdit\ToolMain.cpp(96,46): warning C4244: '=': conversion from 'double' to 'float', possible loss of data
C:\Users\SDI\Documents\Repo\WFFC-Edit\WOFFCEdit\ToolMain.cpp(97,46): warning C4244: '=': conversion from 'double' to 'float', possible loss of data
C:\Users\SDI\Documents\Repo\WFFC-Edit\WOFFCEdit\ToolMain.cpp(98,46): warning C4244: '=': conversion from 'double' to 'float', possible loss of data
C:\Users\SDI\Documents\Repo\WFFC-Edit\WOFFCEdit\ToolMain.cpp(99,46): warning C4244: '=': conversion from 'double' to 'float', possible loss of data
C:\Users\SDI\Documents\Repo\WFFC-Edit\WOFFCEdit\ToolMain.cpp(100,46): warning C4244: '=': conversion from 'double' to 'float', possible loss of data
C:\Users\SDI\Documents\Repo\WFFC-Edit\WOFFCEdit\ToolMain.cpp(101,46): warning C4244: '=': conversion from 'double' to 'float', possible loss of data
C:\Users\SDI\Documents\Repo\WFFC-Edit\WOFFCEdit\ToolMain.cpp(113,48): warning C4244: '=': conversion from 'double' to 'float', possible loss of data
C:\Users\SDI\Documents\Repo\WFFC-Edit\WOFFCEdit\ToolMain.cpp(114,48): warning C4244: '=': conversion from 'double' to 'float', possible loss of data
C:\Users\SDI\Documents\Repo\WFFC-Edit\WOFFCEdit\ToolMain.cpp(115,48): warning C4244: '=': conversion from 'double' to 'float', possible loss of data
C:\Users\SDI\Documents\Repo\WFFC-Edit\WOFFCEdit\ToolMain.cpp(119,48): warning C4244: '=': conversion from 'double' to 'float', possible loss of data
C:\Users\SDI\Documents\Repo\WFFC-Edit\WOFFCEdit\ToolMain.cpp(120,47): warning C4244: '=': conversion from 'double' to 'float', possible loss of data
C:\Users\SDI\Documents\Repo\WFFC-Edit\WOFFCEdit\ToolMain.cpp(121,42): warning C4244: '=': conversion from 'int' to 'float', possible loss of data
C:\Users\SDI\Documents\Repo\WFFC-Edit\WOFFCEdit\ToolMain.cpp(125,50): warning C4244: '=': conversion from 'double' to 'int', possible loss of data
C:\Users\SDI\Documents\Repo\WFFC-Edit\WOFFCEdit\ToolMain.cpp(126,50): warning C4244: '=': conversion from 'double' to 'int', possible loss of data
C:\Users\SDI\Documents\Repo\WFFC-Edit\WOFFCEdit\ToolMain.cpp(136,57): warning C4244: '=': conversion from 'double' to 'float', possible loss of data
C:\Users\SDI\Documents\Repo\WFFC-Edit\WOFFCEdit\ToolMain.cpp(137,57): warning C4244: '=': conversion from 'double' to 'float', possible loss of data
C:\Users\SDI\Documents\Repo\WFFC-Edit\WOFFCEdit\ToolMain.cpp(138,57): warning C4244: '=': conversion from 'double' to 'float', possible loss of data
C:\Users\SDI\Documents\Repo\WFFC-Edit\WOFFCEdit\ToolMain.cpp(139,58): warning C4244: '=': conversion from 'double' to 'float', possible loss of data
C:\Users\SDI\Documents\Repo\WFFC-Edit\WOFFCEdit\ToolMain.cpp(140,58): warning C4244: '=': conversion from 'double' to 'float', possible loss of data
C:\Users\SDI\Documents\Repo\WFFC-Edit\WOFFCEdit\ToolMain.cpp(141,58): warning C4244: '=': conversion from 'double' to 'float', possible loss of data
C:\Users\SDI\Documents\Repo\WFFC-Edit\WOFFCEdit\ToolMain.cpp(142,59): warning C4244: '=': conversion from 'double' to 'float', possible loss of data
C:\Users\SDI\Documents\Repo\WFFC-Edit\WOFFCEdit\ToolMain.cpp(143,56): warning C4244: '=': conversion from 'double' to 'float', possible loss of data
C:\Users\SDI\Documents\Repo\WFFC-Edit\WOFFCEdit\ToolMain.cpp(144,54): warning C4244: '=': conversion from 'double' to 'float', possible loss of data
C:\Users\SDI\Documents\Repo\WFFC-Edit\WOFFCEdit\ToolMain.cpp(145,57): warning C4244: '=': conversion from 'double' to 'float', possible loss of data
C:\Users\SDI\Documents\Repo\WFFC-Edit\WOFFCEdit\ToolMain.cpp(317,32): warning C4244: '=': conversion from 'int' to 'float', possible loss of data
C:\Users\SDI\Documents\Repo\WFFC-Edit\WOFFCEdit\ToolMain.cpp(318,32): warning C4244: '=': conversion from 'int' to 'float', possible loss of data
