  Game.cpp
D:\LocalWorkDir\2003209\WFFC-Edit\WOFFCEdit\Camera.h(7,7): warning C4099: 'InputCommands': type name first seen using 'struct' now seen using 'class'
  (compiling source file 'Game.cpp')
  D:\LocalWorkDir\2003209\WFFC-Edit\WOFFCEdit\InputCommands.h(3,8):
  see declaration of 'InputCommands'
  
D:\LocalWorkDir\2003209\WFFC-Edit\WOFFCEdit\Game.cpp(238,23): warning C4267: 'initializing': conversion from 'size_t' to 'int', possible loss of data
D:\LocalWorkDir\2003209\WFFC-Edit\WOFFCEdit\Game.cpp(248,46): warning C4244: 'argument': conversion from 'double' to 'float', possible loss of data
D:\LocalWorkDir\2003209\WFFC-Edit\WOFFCEdit\Game.cpp(247,46): warning C4244: 'argument': conversion from 'double' to 'float', possible loss of data
D:\LocalWorkDir\2003209\WFFC-Edit\WOFFCEdit\Game.cpp(246,98): warning C4244: 'argument': conversion from 'double' to 'float', possible loss of data
D:\LocalWorkDir\2003209\WFFC-Edit\WOFFCEdit\Game.cpp(232,10): warning C4101: 'Buffer': unreferenced local variable
D:\LocalWorkDir\2003209\WFFC-Edit\WOFFCEdit\Game.cpp(384,17): warning C4267: 'initializing': conversion from 'size_t' to 'int', possible loss of data
D:\LocalWorkDir\2003209\WFFC-Edit\WOFFCEdit\Game.cpp(494,46): warning C4244: 'argument': conversion from 'double' to 'float', possible loss of data
D:\LocalWorkDir\2003209\WFFC-Edit\WOFFCEdit\Game.cpp(493,46): warning C4244: 'argument': conversion from 'double' to 'float', possible loss of data
D:\LocalWorkDir\2003209\WFFC-Edit\WOFFCEdit\Game.cpp(492,98): warning C4244: 'argument': conversion from 'double' to 'float', possible loss of data
D:\LocalWorkDir\2003209\WFFC-Edit\WOFFCEdit\Game.cpp(502,112): warning C4244: 'argument': conversion from 'LONG' to 'float', possible loss of data
D:\LocalWorkDir\2003209\WFFC-Edit\WOFFCEdit\Game.cpp(502,86): warning C4244: 'argument': conversion from 'LONG' to 'float', possible loss of data
D:\LocalWorkDir\2003209\WFFC-Edit\WOFFCEdit\Game.cpp(503,110): warning C4244: 'argument': conversion from 'LONG' to 'float', possible loss of data
D:\LocalWorkDir\2003209\WFFC-Edit\WOFFCEdit\Game.cpp(503,84): warning C4244: 'argument': conversion from 'LONG' to 'float', possible loss of data
D:\LocalWorkDir\2003209\WFFC-Edit\WOFFCEdit\Game.cpp(586,17): warning C4244: '=': conversion from 'double' to 'float', possible loss of data
  Win32SimpleSample.vcxproj -> D:\LocalWorkDir\2003209\WFFC-Edit\WOFFCEdit\x64\Debug\WoFEdit.exe
